2024-01-07 22:22:05.486 | ERROR    | utils.loggings:exception:40 - 400 Bad Request: The browser (or proxy) sent a request that this server could not understand.
Traceback (most recent call last):

  File "D:\Python\Python39\lib\threading.py", line 937, in _bootstrap
    self._bootstrap_inner()
    │    └ <function Thread._bootstrap_inner at 0x000001D2B96A4670>
    └ <Thread(Thread-1, started daemon 33068)>

  File "D:\Python\Python39\lib\threading.py", line 980, in _bootstrap_inner
    self.run()
    │    └ <function Thread.run at 0x000001D2B96A43A0>
    └ <Thread(Thread-1, started daemon 33068)>

  File "D:\Python\Python39\lib\threading.py", line 917, in run
    self._target(*self._args, **self._kwargs)
    │    │        │    │        │    └ {}
    │    │        │    │        └ <Thread(Thread-1, started daemon 33068)>
    │    │        │    └ ()
    │    │        └ <Thread(Thread-1, started daemon 33068)>
    │    └ <bound method BaseWSGIServer.serve_forever of <werkzeug.serving.BaseWSGIServer object at 0x000001D2DBD08FD0>>
    └ <Thread(Thread-1, started daemon 33068)>

  File "D:\Python\Python39\lib\site-packages\werkzeug\serving.py", line 806, in serve_forever
    super().serve_forever(poll_interval=poll_interval)
                                        └ 0.5

  File "D:\Python\Python39\lib\socketserver.py", line 237, in serve_forever
    self._handle_request_noblock()
    │    └ <function BaseServer._handle_request_noblock at 0x000001D2D91D8AF0>
    └ <werkzeug.serving.BaseWSGIServer object at 0x000001D2DBD08FD0>

  File "D:\Python\Python39\lib\socketserver.py", line 316, in _handle_request_noblock
    self.process_request(request, client_address)
    │    │               │        └ ('127.0.0.1', 62932)
    │    │               └ <socket.socket fd=368, family=AddressFamily.AF_INET, type=SocketKind.SOCK_STREAM, proto=0, laddr=('127.0.0.1', 5000), raddr=(...
    │    └ <function BaseServer.process_request at 0x000001D2D91D8CA0>
    └ <werkzeug.serving.BaseWSGIServer object at 0x000001D2DBD08FD0>

  File "D:\Python\Python39\lib\socketserver.py", line 347, in process_request
    self.finish_request(request, client_address)
    │    │              │        └ ('127.0.0.1', 62932)
    │    │              └ <socket.socket fd=368, family=AddressFamily.AF_INET, type=SocketKind.SOCK_STREAM, proto=0, laddr=('127.0.0.1', 5000), raddr=(...
    │    └ <function BaseServer.finish_request at 0x000001D2D91D8DC0>
    └ <werkzeug.serving.BaseWSGIServer object at 0x000001D2DBD08FD0>

  File "D:\Python\Python39\lib\socketserver.py", line 360, in finish_request
    self.RequestHandlerClass(request, client_address, self)
    │    │                   │        │               └ <werkzeug.serving.BaseWSGIServer object at 0x000001D2DBD08FD0>
    │    │                   │        └ ('127.0.0.1', 62932)
    │    │                   └ <socket.socket fd=368, family=AddressFamily.AF_INET, type=SocketKind.SOCK_STREAM, proto=0, laddr=('127.0.0.1', 5000), raddr=(...
    │    └ <class 'werkzeug.serving.WSGIRequestHandler'>
    └ <werkzeug.serving.BaseWSGIServer object at 0x000001D2DBD08FD0>

  File "D:\Python\Python39\lib\socketserver.py", line 747, in __init__
    self.handle()
    │    └ <function WSGIRequestHandler.handle at 0x000001D2D9414550>
    └ <werkzeug.serving.WSGIRequestHandler object at 0x000001D2DBD46CD0>

  File "D:\Python\Python39\lib\site-packages\werkzeug\serving.py", line 390, in handle
    super().handle()

  File "D:\Python\Python39\lib\http\server.py", line 425, in handle
    self.handle_one_request()
    │    └ <function BaseHTTPRequestHandler.handle_one_request at 0x000001D2D9303160>
    └ <werkzeug.serving.WSGIRequestHandler object at 0x000001D2DBD46CD0>

  File "D:\Python\Python39\lib\http\server.py", line 413, in handle_one_request
    method()
    └ <bound method WSGIRequestHandler.run_wsgi of <werkzeug.serving.WSGIRequestHandler object at 0x000001D2DBD46CD0>>

  File "D:\Python\Python39\lib\site-packages\werkzeug\serving.py", line 362, in run_wsgi
    execute(self.server.app)
    │       │    │      └ <werkzeug.debug.DebuggedApplication object at 0x000001D2DBD086A0>
    │       │    └ <werkzeug.serving.BaseWSGIServer object at 0x000001D2DBD08FD0>
    │       └ <werkzeug.serving.WSGIRequestHandler object at 0x000001D2DBD46CD0>
    └ <function WSGIRequestHandler.run_wsgi.<locals>.execute at 0x000001D2DBD64B80>

  File "D:\Python\Python39\lib\site-packages\werkzeug\serving.py", line 325, in execute
    for data in application_iter:
                └ <generator object DebuggedApplication.debug_application at 0x000001D2DBD62E40>

  File "D:\Python\Python39\lib\site-packages\werkzeug\debug\__init__.py", line 330, in debug_application
    app_iter = self.app(environ, start_response)
               │    │   │        └ <function WSGIRequestHandler.run_wsgi.<locals>.start_response at 0x000001D2DBD64AF0>
               │    │   └ {'wsgi.version': (1, 0), 'wsgi.url_scheme': 'http', 'wsgi.input': <_io.BufferedReader name=368>, 'wsgi.errors': <_io.TextIOWr...
               │    └ <Flask 'app'>
               └ <werkzeug.debug.DebuggedApplication object at 0x000001D2DBD086A0>

  File "D:\Python\Python39\lib\site-packages\flask\app.py", line 2213, in __call__
    return self.wsgi_app(environ, start_response)
           │    │        │        └ <function WSGIRequestHandler.run_wsgi.<locals>.start_response at 0x000001D2DBD64AF0>
           │    │        └ {'wsgi.version': (1, 0), 'wsgi.url_scheme': 'http', 'wsgi.input': <_io.BufferedReader name=368>, 'wsgi.errors': <_io.TextIOWr...
           │    └ <function Flask.wsgi_app at 0x000001D2D994B790>
           └ <Flask 'app'>

  File "D:\Python\Python39\lib\site-packages\flask\app.py", line 2190, in wsgi_app
    response = self.full_dispatch_request()
               │    └ <function Flask.full_dispatch_request at 0x000001D2D9948CA0>
               └ <Flask 'app'>

  File "D:\Python\Python39\lib\site-packages\flask\app.py", line 1484, in full_dispatch_request
    rv = self.dispatch_request()
         │    └ <function Flask.dispatch_request at 0x000001D2D9948C10>
         └ <Flask 'app'>

  File "D:\Python\Python39\lib\site-packages\flask\app.py", line 1469, in dispatch_request
    return self.ensure_sync(self.view_functions[rule.endpoint])(**view_args)
           │    │           │    │              │    │            └ {}
           │    │           │    │              │    └ 'administrators.administrators'
           │    │           │    │              └ <Rule '/administrators' (OPTIONS, POST, HEAD, DELETE, PUT, GET) -> administrators.administrators>
           │    │           │    └ {'static': <function Flask.__init__.<locals>.<lambda> at 0x000001D2DA5888B0>, 'apiversion.Apiversion': <function View.as_view...
           │    │           └ <Flask 'app'>
           │    └ <function Flask.ensure_sync at 0x000001D2D9948EE0>
           └ <Flask 'app'>

  File "E:\code\backend\api\api_1_0\administratorsResource\urls.py", line 20, in administrators
    return AdministratorsOtherResource.administrators_post()
           │                           └ <classmethod object at 0x000001D2DBC498B0>
           └ <class 'api_1_0.administratorsResource.administratorsOtherResource.AdministratorsOtherResource'>

> File "E:\code\backend\api\api_1_0\administratorsResource\administratorsOtherResource.py", line 23, in administrators_post
    kwargs = parser.parse_args()
             │      └ <function RequestParser.parse_args at 0x000001D2DB7A84C0>
             └ <flask_restful.reqparse.RequestParser object at 0x000001D2DBD741F0>

  File "D:\Python\Python39\lib\site-packages\flask_restful\reqparse.py", line 328, in parse_args
    value, found = arg.parse(req, self.bundle_errors)
                   │   │     │    │    └ False
                   │   │     │    └ <flask_restful.reqparse.RequestParser object at 0x000001D2DBD741F0>
                   │   │     └ <Request 'http://127.0.0.1:5000/administrators' [POST]>
                   │   └ <function Argument.parse at 0x000001D2DB7A8310>
                   └ Argument('AdminType', default=None, dest=None, required=True, ignore=False, location=form, type="<class 'str'>", choices=(), ...

  File "D:\Python\Python39\lib\site-packages\flask_restful\reqparse.py", line 246, in parse
    self.handle_validation_error(ValueError(error_msg), bundle_errors)
    │    │                                  │           └ False
    │    │                                  └ 'Missing required parameter in the post body'
    │    └ <function Argument.handle_validation_error at 0x000001D2DB7A8280>
    └ Argument('AdminType', default=None, dest=None, required=True, ignore=False, location=form, type="<class 'str'>", choices=(), ...

  File "D:\Python\Python39\lib\site-packages\flask_restful\reqparse.py", line 173, in handle_validation_error
    flask_restful.abort(400, message=msg)
    │             │                  └ {'AdminType': '管理员类型数据类型不匹配'}
    │             └ <function abort at 0x000001D2DB75BD30>
    └ <module 'flask_restful' from 'D:\\Python\\Python39\\lib\\site-packages\\flask_restful\\__init__.py'>

  File "D:\Python\Python39\lib\site-packages\flask_restful\__init__.py", line 32, in abort
    original_flask_abort(http_status_code)
    │                    └ 400
    └ <function abort at 0x000001D2D97AC670>

  File "D:\Python\Python39\lib\site-packages\flask\helpers.py", line 277, in abort
    current_app.aborter(code, *args, **kwargs)
    │                   │      │       └ {}
    │                   │      └ ()
    │                   └ 400
    └ <Flask 'app'>

  File "D:\Python\Python39\lib\site-packages\werkzeug\exceptions.py", line 861, in __call__
    raise self.mapping[code](*args, **kwargs)
          │    │       │      │       └ {}
          │    │       │      └ ()
          │    │       └ 400
          │    └ {400: <class 'werkzeug.exceptions.BadRequest'>, 401: <class 'werkzeug.exceptions.Unauthorized'>, 403: <class 'werkzeug.except...
          └ <werkzeug.exceptions.Aborter object at 0x000001D2D9184970>

werkzeug.exceptions.BadRequest: 400 Bad Request: The browser (or proxy) sent a request that this server could not understand.
2024-01-07 22:22:28.599 | ERROR    | utils.loggings:exception:40 - 400 Bad Request: The browser (or proxy) sent a request that this server could not understand.
Traceback (most recent call last):

  File "D:\Python\Python39\lib\threading.py", line 937, in _bootstrap
    self._bootstrap_inner()
    │    └ <function Thread._bootstrap_inner at 0x00000187B1854670>
    └ <Thread(Thread-1, started daemon 19388)>

  File "D:\Python\Python39\lib\threading.py", line 980, in _bootstrap_inner
    self.run()
    │    └ <function Thread.run at 0x00000187B18543A0>
    └ <Thread(Thread-1, started daemon 19388)>

  File "D:\Python\Python39\lib\threading.py", line 917, in run
    self._target(*self._args, **self._kwargs)
    │    │        │    │        │    └ {}
    │    │        │    │        └ <Thread(Thread-1, started daemon 19388)>
    │    │        │    └ ()
    │    │        └ <Thread(Thread-1, started daemon 19388)>
    │    └ <bound method BaseWSGIServer.serve_forever of <werkzeug.serving.BaseWSGIServer object at 0x00000187D3EA8FD0>>
    └ <Thread(Thread-1, started daemon 19388)>

  File "D:\Python\Python39\lib\site-packages\werkzeug\serving.py", line 806, in serve_forever
    super().serve_forever(poll_interval=poll_interval)
                                        └ 0.5

  File "D:\Python\Python39\lib\socketserver.py", line 237, in serve_forever
    self._handle_request_noblock()
    │    └ <function BaseServer._handle_request_noblock at 0x00000187D1387AF0>
    └ <werkzeug.serving.BaseWSGIServer object at 0x00000187D3EA8FD0>

  File "D:\Python\Python39\lib\socketserver.py", line 316, in _handle_request_noblock
    self.process_request(request, client_address)
    │    │               │        └ ('127.0.0.1', 62973)
    │    │               └ <socket.socket fd=1008, family=AddressFamily.AF_INET, type=SocketKind.SOCK_STREAM, proto=0, laddr=('127.0.0.1', 5000), raddr=...
    │    └ <function BaseServer.process_request at 0x00000187D1387CA0>
    └ <werkzeug.serving.BaseWSGIServer object at 0x00000187D3EA8FD0>

  File "D:\Python\Python39\lib\socketserver.py", line 347, in process_request
    self.finish_request(request, client_address)
    │    │              │        └ ('127.0.0.1', 62973)
    │    │              └ <socket.socket fd=1008, family=AddressFamily.AF_INET, type=SocketKind.SOCK_STREAM, proto=0, laddr=('127.0.0.1', 5000), raddr=...
    │    └ <function BaseServer.finish_request at 0x00000187D1387DC0>
    └ <werkzeug.serving.BaseWSGIServer object at 0x00000187D3EA8FD0>

  File "D:\Python\Python39\lib\socketserver.py", line 360, in finish_request
    self.RequestHandlerClass(request, client_address, self)
    │    │                   │        │               └ <werkzeug.serving.BaseWSGIServer object at 0x00000187D3EA8FD0>
    │    │                   │        └ ('127.0.0.1', 62973)
    │    │                   └ <socket.socket fd=1008, family=AddressFamily.AF_INET, type=SocketKind.SOCK_STREAM, proto=0, laddr=('127.0.0.1', 5000), raddr=...
    │    └ <class 'werkzeug.serving.WSGIRequestHandler'>
    └ <werkzeug.serving.BaseWSGIServer object at 0x00000187D3EA8FD0>

  File "D:\Python\Python39\lib\socketserver.py", line 747, in __init__
    self.handle()
    │    └ <function WSGIRequestHandler.handle at 0x00000187D15C4550>
    └ <werkzeug.serving.WSGIRequestHandler object at 0x00000187D3EE6CD0>

  File "D:\Python\Python39\lib\site-packages\werkzeug\serving.py", line 390, in handle
    super().handle()

  File "D:\Python\Python39\lib\http\server.py", line 425, in handle
    self.handle_one_request()
    │    └ <function BaseHTTPRequestHandler.handle_one_request at 0x00000187D14B2160>
    └ <werkzeug.serving.WSGIRequestHandler object at 0x00000187D3EE6CD0>

  File "D:\Python\Python39\lib\http\server.py", line 413, in handle_one_request
    method()
    └ <bound method WSGIRequestHandler.run_wsgi of <werkzeug.serving.WSGIRequestHandler object at 0x00000187D3EE6CD0>>

  File "D:\Python\Python39\lib\site-packages\werkzeug\serving.py", line 362, in run_wsgi
    execute(self.server.app)
    │       │    │      └ <werkzeug.debug.DebuggedApplication object at 0x00000187D3EA86A0>
    │       │    └ <werkzeug.serving.BaseWSGIServer object at 0x00000187D3EA8FD0>
    │       └ <werkzeug.serving.WSGIRequestHandler object at 0x00000187D3EE6CD0>
    └ <function WSGIRequestHandler.run_wsgi.<locals>.execute at 0x00000187D3F04EE0>

  File "D:\Python\Python39\lib\site-packages\werkzeug\serving.py", line 325, in execute
    for data in application_iter:
                └ <generator object DebuggedApplication.debug_application at 0x00000187D3F02E40>

  File "D:\Python\Python39\lib\site-packages\werkzeug\debug\__init__.py", line 330, in debug_application
    app_iter = self.app(environ, start_response)
               │    │   │        └ <function WSGIRequestHandler.run_wsgi.<locals>.start_response at 0x00000187D3F04E50>
               │    │   └ {'wsgi.version': (1, 0), 'wsgi.url_scheme': 'http', 'wsgi.input': <_io.BufferedReader name=1008>, 'wsgi.errors': <_io.TextIOW...
               │    └ <Flask 'app'>
               └ <werkzeug.debug.DebuggedApplication object at 0x00000187D3EA86A0>

  File "D:\Python\Python39\lib\site-packages\flask\app.py", line 2213, in __call__
    return self.wsgi_app(environ, start_response)
           │    │        │        └ <function WSGIRequestHandler.run_wsgi.<locals>.start_response at 0x00000187D3F04E50>
           │    │        └ {'wsgi.version': (1, 0), 'wsgi.url_scheme': 'http', 'wsgi.input': <_io.BufferedReader name=1008>, 'wsgi.errors': <_io.TextIOW...
           │    └ <function Flask.wsgi_app at 0x00000187D1AEB790>
           └ <Flask 'app'>

  File "D:\Python\Python39\lib\site-packages\flask\app.py", line 2190, in wsgi_app
    response = self.full_dispatch_request()
               │    └ <function Flask.full_dispatch_request at 0x00000187D1AE8CA0>
               └ <Flask 'app'>

  File "D:\Python\Python39\lib\site-packages\flask\app.py", line 1484, in full_dispatch_request
    rv = self.dispatch_request()
         │    └ <function Flask.dispatch_request at 0x00000187D1AE8C10>
         └ <Flask 'app'>

  File "D:\Python\Python39\lib\site-packages\flask\app.py", line 1469, in dispatch_request
    return self.ensure_sync(self.view_functions[rule.endpoint])(**view_args)
           │    │           │    │              │    │            └ {}
           │    │           │    │              │    └ 'administrators.administrators'
           │    │           │    │              └ <Rule '/administrators' (DELETE, GET, PUT, HEAD, POST, OPTIONS) -> administrators.administrators>
           │    │           │    └ {'static': <function Flask.__init__.<locals>.<lambda> at 0x00000187D27288B0>, 'apiversion.Apiversion': <function View.as_view...
           │    │           └ <Flask 'app'>
           │    └ <function Flask.ensure_sync at 0x00000187D1AE8EE0>
           └ <Flask 'app'>

  File "E:\code\backend\api\api_1_0\administratorsResource\urls.py", line 20, in administrators
    return AdministratorsOtherResource.administrators_post()
           │                           └ <classmethod object at 0x00000187D3DE98B0>
           └ <class 'api_1_0.administratorsResource.administratorsOtherResource.AdministratorsOtherResource'>

> File "E:\code\backend\api\api_1_0\administratorsResource\administratorsOtherResource.py", line 23, in administrators_post
    kwargs = parser.parse_args()
             │      └ <function RequestParser.parse_args at 0x00000187D39474C0>
             └ <flask_restful.reqparse.RequestParser object at 0x00000187D3F0C1F0>

  File "D:\Python\Python39\lib\site-packages\flask_restful\reqparse.py", line 328, in parse_args
    value, found = arg.parse(req, self.bundle_errors)
                   │   │     │    │    └ False
                   │   │     │    └ <flask_restful.reqparse.RequestParser object at 0x00000187D3F0C1F0>
                   │   │     └ <Request 'http://127.0.0.1:5000/administrators' [POST]>
                   │   └ <function Argument.parse at 0x00000187D3947310>
                   └ Argument('AdminType', default=None, dest=None, required=True, ignore=False, location=args, type="<class 'str'>", choices=(), ...

  File "D:\Python\Python39\lib\site-packages\flask_restful\reqparse.py", line 246, in parse
    self.handle_validation_error(ValueError(error_msg), bundle_errors)
    │    │                                  │           └ False
    │    │                                  └ 'Missing required parameter in the query string'
    │    └ <function Argument.handle_validation_error at 0x00000187D3947280>
    └ Argument('AdminType', default=None, dest=None, required=True, ignore=False, location=args, type="<class 'str'>", choices=(), ...

  File "D:\Python\Python39\lib\site-packages\flask_restful\reqparse.py", line 173, in handle_validation_error
    flask_restful.abort(400, message=msg)
    │             │                  └ {'AdminType': '管理员类型数据类型不匹配'}
    │             └ <function abort at 0x00000187D38FBD30>
    └ <module 'flask_restful' from 'D:\\Python\\Python39\\lib\\site-packages\\flask_restful\\__init__.py'>

  File "D:\Python\Python39\lib\site-packages\flask_restful\__init__.py", line 32, in abort
    original_flask_abort(http_status_code)
    │                    └ 400
    └ <function abort at 0x00000187D194D670>

  File "D:\Python\Python39\lib\site-packages\flask\helpers.py", line 277, in abort
    current_app.aborter(code, *args, **kwargs)
    │                   │      │       └ {}
    │                   │      └ ()
    │                   └ 400
    └ <Flask 'app'>

  File "D:\Python\Python39\lib\site-packages\werkzeug\exceptions.py", line 861, in __call__
    raise self.mapping[code](*args, **kwargs)
          │    │       │      │       └ {}
          │    │       │      └ ()
          │    │       └ 400
          │    └ {400: <class 'werkzeug.exceptions.BadRequest'>, 401: <class 'werkzeug.exceptions.Unauthorized'>, 403: <class 'werkzeug.except...
          └ <werkzeug.exceptions.Aborter object at 0x00000187D1333970>

werkzeug.exceptions.BadRequest: 400 Bad Request: The browser (or proxy) sent a request that this server could not understand.
2024-01-07 22:23:13.070 | ERROR    | utils.loggings:exception:40 - 400 Bad Request: The browser (or proxy) sent a request that this server could not understand.
Traceback (most recent call last):

  File "D:\Python\Python39\lib\threading.py", line 937, in _bootstrap
    self._bootstrap_inner()
    │    └ <function Thread._bootstrap_inner at 0x000001C9B1B94670>
    └ <Thread(Thread-1, started daemon 38384)>

  File "D:\Python\Python39\lib\threading.py", line 980, in _bootstrap_inner
    self.run()
    │    └ <function Thread.run at 0x000001C9B1B943A0>
    └ <Thread(Thread-1, started daemon 38384)>

  File "D:\Python\Python39\lib\threading.py", line 917, in run
    self._target(*self._args, **self._kwargs)
    │    │        │    │        │    └ {}
    │    │        │    │        └ <Thread(Thread-1, started daemon 38384)>
    │    │        │    └ ()
    │    │        └ <Thread(Thread-1, started daemon 38384)>
    │    └ <bound method BaseWSGIServer.serve_forever of <werkzeug.serving.BaseWSGIServer object at 0x000001C9D41E8FD0>>
    └ <Thread(Thread-1, started daemon 38384)>

  File "D:\Python\Python39\lib\site-packages\werkzeug\serving.py", line 806, in serve_forever
    super().serve_forever(poll_interval=poll_interval)
                                        └ 0.5

  File "D:\Python\Python39\lib\socketserver.py", line 237, in serve_forever
    self._handle_request_noblock()
    │    └ <function BaseServer._handle_request_noblock at 0x000001C9D16C7AF0>
    └ <werkzeug.serving.BaseWSGIServer object at 0x000001C9D41E8FD0>

  File "D:\Python\Python39\lib\socketserver.py", line 316, in _handle_request_noblock
    self.process_request(request, client_address)
    │    │               │        └ ('127.0.0.1', 63027)
    │    │               └ <socket.socket fd=392, family=AddressFamily.AF_INET, type=SocketKind.SOCK_STREAM, proto=0, laddr=('127.0.0.1', 5000), raddr=(...
    │    └ <function BaseServer.process_request at 0x000001C9D16C7CA0>
    └ <werkzeug.serving.BaseWSGIServer object at 0x000001C9D41E8FD0>

  File "D:\Python\Python39\lib\socketserver.py", line 347, in process_request
    self.finish_request(request, client_address)
    │    │              │        └ ('127.0.0.1', 63027)
    │    │              └ <socket.socket fd=392, family=AddressFamily.AF_INET, type=SocketKind.SOCK_STREAM, proto=0, laddr=('127.0.0.1', 5000), raddr=(...
    │    └ <function BaseServer.finish_request at 0x000001C9D16C7DC0>
    └ <werkzeug.serving.BaseWSGIServer object at 0x000001C9D41E8FD0>

  File "D:\Python\Python39\lib\socketserver.py", line 360, in finish_request
    self.RequestHandlerClass(request, client_address, self)
    │    │                   │        │               └ <werkzeug.serving.BaseWSGIServer object at 0x000001C9D41E8FD0>
    │    │                   │        └ ('127.0.0.1', 63027)
    │    │                   └ <socket.socket fd=392, family=AddressFamily.AF_INET, type=SocketKind.SOCK_STREAM, proto=0, laddr=('127.0.0.1', 5000), raddr=(...
    │    └ <class 'werkzeug.serving.WSGIRequestHandler'>
    └ <werkzeug.serving.BaseWSGIServer object at 0x000001C9D41E8FD0>

  File "D:\Python\Python39\lib\socketserver.py", line 747, in __init__
    self.handle()
    │    └ <function WSGIRequestHandler.handle at 0x000001C9D1902550>
    └ <werkzeug.serving.WSGIRequestHandler object at 0x000001C9D4226BB0>

  File "D:\Python\Python39\lib\site-packages\werkzeug\serving.py", line 390, in handle
    super().handle()

  File "D:\Python\Python39\lib\http\server.py", line 425, in handle
    self.handle_one_request()
    │    └ <function BaseHTTPRequestHandler.handle_one_request at 0x000001C9D17F2160>
    └ <werkzeug.serving.WSGIRequestHandler object at 0x000001C9D4226BB0>

  File "D:\Python\Python39\lib\http\server.py", line 413, in handle_one_request
    method()
    └ <bound method WSGIRequestHandler.run_wsgi of <werkzeug.serving.WSGIRequestHandler object at 0x000001C9D4226BB0>>

  File "D:\Python\Python39\lib\site-packages\werkzeug\serving.py", line 362, in run_wsgi
    execute(self.server.app)
    │       │    │      └ <werkzeug.debug.DebuggedApplication object at 0x000001C9D41E86A0>
    │       │    └ <werkzeug.serving.BaseWSGIServer object at 0x000001C9D41E8FD0>
    │       └ <werkzeug.serving.WSGIRequestHandler object at 0x000001C9D4226BB0>
    └ <function WSGIRequestHandler.run_wsgi.<locals>.execute at 0x000001C9D4244B80>

  File "D:\Python\Python39\lib\site-packages\werkzeug\serving.py", line 325, in execute
    for data in application_iter:
                └ <generator object DebuggedApplication.debug_application at 0x000001C9D4242E40>

  File "D:\Python\Python39\lib\site-packages\werkzeug\debug\__init__.py", line 330, in debug_application
    app_iter = self.app(environ, start_response)
               │    │   │        └ <function WSGIRequestHandler.run_wsgi.<locals>.start_response at 0x000001C9D4244C10>
               │    │   └ {'wsgi.version': (1, 0), 'wsgi.url_scheme': 'http', 'wsgi.input': <_io.BufferedReader name=392>, 'wsgi.errors': <_io.TextIOWr...
               │    └ <Flask 'app'>
               └ <werkzeug.debug.DebuggedApplication object at 0x000001C9D41E86A0>

  File "D:\Python\Python39\lib\site-packages\flask\app.py", line 2213, in __call__
    return self.wsgi_app(environ, start_response)
           │    │        │        └ <function WSGIRequestHandler.run_wsgi.<locals>.start_response at 0x000001C9D4244C10>
           │    │        └ {'wsgi.version': (1, 0), 'wsgi.url_scheme': 'http', 'wsgi.input': <_io.BufferedReader name=392>, 'wsgi.errors': <_io.TextIOWr...
           │    └ <function Flask.wsgi_app at 0x000001C9D1E2B790>
           └ <Flask 'app'>

  File "D:\Python\Python39\lib\site-packages\flask\app.py", line 2190, in wsgi_app
    response = self.full_dispatch_request()
               │    └ <function Flask.full_dispatch_request at 0x000001C9D1E28CA0>
               └ <Flask 'app'>

  File "D:\Python\Python39\lib\site-packages\flask\app.py", line 1484, in full_dispatch_request
    rv = self.dispatch_request()
         │    └ <function Flask.dispatch_request at 0x000001C9D1E28C10>
         └ <Flask 'app'>

  File "D:\Python\Python39\lib\site-packages\flask\app.py", line 1469, in dispatch_request
    return self.ensure_sync(self.view_functions[rule.endpoint])(**view_args)
           │    │           │    │              │    │            └ {}
           │    │           │    │              │    └ 'administrators.administrators'
           │    │           │    │              └ <Rule '/administrators' (HEAD, DELETE, GET, OPTIONS, POST, PUT) -> administrators.administrators>
           │    │           │    └ {'static': <function Flask.__init__.<locals>.<lambda> at 0x000001C9D2A688B0>, 'apiversion.Apiversion': <function View.as_view...
           │    │           └ <Flask 'app'>
           │    └ <function Flask.ensure_sync at 0x000001C9D1E28EE0>
           └ <Flask 'app'>

  File "E:\code\backend\api\api_1_0\administratorsResource\urls.py", line 20, in administrators
    return AdministratorsOtherResource.administrators_post()
           │                           └ <classmethod object at 0x000001C9D41298B0>
           └ <class 'api_1_0.administratorsResource.administratorsOtherResource.AdministratorsOtherResource'>

> File "E:\code\backend\api\api_1_0\administratorsResource\administratorsOtherResource.py", line 23, in administrators_post
    kwargs = parser.parse_args()
             │      └ <function RequestParser.parse_args at 0x000001C9D3C884C0>
             └ <flask_restful.reqparse.RequestParser object at 0x000001C9D42501F0>

  File "D:\Python\Python39\lib\site-packages\flask_restful\reqparse.py", line 328, in parse_args
    value, found = arg.parse(req, self.bundle_errors)
                   │   │     │    │    └ False
                   │   │     │    └ <flask_restful.reqparse.RequestParser object at 0x000001C9D42501F0>
                   │   │     └ <Request 'http://127.0.0.1:5000/administrators' [POST]>
                   │   └ <function Argument.parse at 0x000001C9D3C88310>
                   └ Argument('AdminType', default=None, dest=None, required=True, ignore=False, location=args, type="<class 'str'>", choices=(), ...

  File "D:\Python\Python39\lib\site-packages\flask_restful\reqparse.py", line 246, in parse
    self.handle_validation_error(ValueError(error_msg), bundle_errors)
    │    │                                  │           └ False
    │    │                                  └ 'Missing required parameter in the query string'
    │    └ <function Argument.handle_validation_error at 0x000001C9D3C88280>
    └ Argument('AdminType', default=None, dest=None, required=True, ignore=False, location=args, type="<class 'str'>", choices=(), ...

  File "D:\Python\Python39\lib\site-packages\flask_restful\reqparse.py", line 173, in handle_validation_error
    flask_restful.abort(400, message=msg)
    │             │                  └ {'AdminType': '管理员类型数据类型不匹配'}
    │             └ <function abort at 0x000001C9D3C3BD30>
    └ <module 'flask_restful' from 'D:\\Python\\Python39\\lib\\site-packages\\flask_restful\\__init__.py'>

  File "D:\Python\Python39\lib\site-packages\flask_restful\__init__.py", line 32, in abort
    original_flask_abort(http_status_code)
    │                    └ 400
    └ <function abort at 0x000001C9D1C8B670>

  File "D:\Python\Python39\lib\site-packages\flask\helpers.py", line 277, in abort
    current_app.aborter(code, *args, **kwargs)
    │                   │      │       └ {}
    │                   │      └ ()
    │                   └ 400
    └ <Flask 'app'>

  File "D:\Python\Python39\lib\site-packages\werkzeug\exceptions.py", line 861, in __call__
    raise self.mapping[code](*args, **kwargs)
          │    │       │      │       └ {}
          │    │       │      └ ()
          │    │       └ 400
          │    └ {400: <class 'werkzeug.exceptions.BadRequest'>, 401: <class 'werkzeug.exceptions.Unauthorized'>, 403: <class 'werkzeug.except...
          └ <werkzeug.exceptions.Aborter object at 0x000001C9D1673970>

werkzeug.exceptions.BadRequest: 400 Bad Request: The browser (or proxy) sent a request that this server could not understand.
